Recovery manifest written: C:\Users\Paolo\AppData\Roaming\com.ddplatform.desktop\recordings\astral-1779624767826476300-30172-69d1de41bc070d4085abc950_bf90cca9ac4a1620\manifest.json
Recovered participant media entries: 413
Recovered duration: 4h 41m 25s
Packaging 65536 bytes / 37.36 GB (0%)
Packaging 153.98 MB / 37.36 GB (0%)
Packaging 291.91 MB / 37.36 GB (0%)
Packaging 452.23 MB / 37.36 GB (1%)
Packaging 608.79 MB / 37.36 GB (1%)
Packaging 729.35 MB / 37.36 GB (1%)
Packaging 869.16 MB / 37.36 GB (2%)
Packaging 1.01 GB / 37.36 GB (2%)
Packaging 1.15 GB / 37.36 GB (3%)
Packaging 1.27 GB / 37.36 GB (3%)
Packaging 1.39 GB / 37.36 GB (3%)
Packaging 1.53 GB / 37.36 GB (4%)
Packaging 1.67 GB / 37.36 GB (4%)
Packaging 1.80 GB / 37.36 GB (4%)
Packaging 1.94 GB / 37.36 GB (5%)
Packaging 2.06 GB / 37.36 GB (5%)
Packaging 2.17 GB / 37.36 GB (5%)
Packaging 2.27 GB / 37.36 GB (6%)
Packaging 2.38 GB / 37.36 GB (6%)
Packaging 2.50 GB / 37.36 GB (6%)
Packaging 2.63 GB / 37.36 GB (7%)
Packaging 2.79 GB / 37.36 GB (7%)
Packaging 2.90 GB / 37.36 GB (7%)
Packaging 3.03 GB / 37.36 GB (8%)
Packaging 3.17 GB / 37.36 GB (8%)
Packaging 3.28 GB / 37.36 GB (8%)
Packaging 3.41 GB / 37.36 GB (9%)
Packaging 3.57 GB / 37.36 GB (9%)
Packaging 3.71 GB / 37.36 GB (9%)
Packaging 3.82 GB / 37.36 GB (10%)
Packaging 3.94 GB / 37.36 GB (10%)
Packaging 4.08 GB / 37.36 GB (10%)
Packaging 4.21 GB / 37.36 GB (11%)
Packaging 4.35 GB / 37.36 GB (11%)
Packaging 4.48 GB / 37.36 GB (11%)
Packaging 4.61 GB / 37.36 GB (12%)
Packaging 4.76 GB / 37.36 GB (12%)
Packaging 4.90 GB / 37.36 GB (13%)
Packaging 5.04 GB / 37.36 GB (13%)
Packaging 5.16 GB / 37.36 GB (13%)
Packaging 5.30 GB / 37.36 GB (14%)
Packaging 5.45 GB / 37.36 GB (14%)
Packaging 5.61 GB / 37.36 GB (15%)
Packaging 5.77 GB / 37.36 GB (15%)
Packaging 5.89 GB / 37.36 GB (15%)
Packaging 6.03 GB / 37.36 GB (16%)
Packaging 6.17 GB / 37.36 GB (16%)
Packaging 6.29 GB / 37.36 GB (16%)
Packaging 6.42 GB / 37.36 GB (17%)
Packaging 6.55 GB / 37.36 GB (17%)
Packaging 6.68 GB / 37.36 GB (17%)
Packaging 6.80 GB / 37.36 GB (18%)
Packaging 6.94 GB / 37.36 GB (18%)
Packaging 7.07 GB / 37.36 GB (18%)
Packaging 7.21 GB / 37.36 GB (19%)
Packaging 7.36 GB / 37.36 GB (19%)
Packaging 7.50 GB / 37.36 GB (20%)
Packaging 7.65 GB / 37.36 GB (20%)
Packaging 7.80 GB / 37.36 GB (20%)
Packaging 7.98 GB / 37.36 GB (21%)
Packaging 8.14 GB / 37.36 GB (21%)
Packaging 8.30 GB / 37.36 GB (22%)
Packaging 8.46 GB / 37.36 GB (22%)
Packaging 8.62 GB / 37.36 GB (23%)
Packaging 8.76 GB / 37.36 GB (23%)
Packaging 8.88 GB / 37.36 GB (23%)
Packaging 8.99 GB / 37.36 GB (24%)
Packaging 9.15 GB / 37.36 GB (24%)
Packaging 9.27 GB / 37.36 GB (24%)
Packaging 9.40 GB / 37.36 GB (25%)
Packaging 9.54 GB / 37.36 GB (25%)
Packaging 9.68 GB / 37.36 GB (25%)
Packaging 9.83 GB / 37.36 GB (26%)
Packaging 9.99 GB / 37.36 GB (26%)
Packaging 10.15 GB / 37.36 GB (27%)
Packaging 10.30 GB / 37.36 GB (27%)
Packaging 10.46 GB / 37.36 GB (28%)
Packaging 10.59 GB / 37.36 GB (28%)
Packaging 10.73 GB / 37.36 GB (28%)
Packaging 10.89 GB / 37.36 GB (29%)
Packaging 11.02 GB / 37.36 GB (29%)
Packaging 11.18 GB / 37.36 GB (29%)
Packaging 11.34 GB / 37.36 GB (30%)
Packaging 11.47 GB / 37.36 GB (30%)
Packaging 11.60 GB / 37.36 GB (31%)
Packaging 11.77 GB / 37.36 GB (31%)
Packaging 11.89 GB / 37.36 GB (31%)
Packaging 12.03 GB / 37.36 GB (32%)
Packaging 12.19 GB / 37.36 GB (32%)
Packaging 12.32 GB / 37.36 GB (32%)
Packaging 12.48 GB / 37.36 GB (33%)
Packaging 12.63 GB / 37.36 GB (33%)
Packaging 12.79 GB / 37.36 GB (34%)
Packaging 12.95 GB / 37.36 GB (34%)
Packaging 13.11 GB / 37.36 GB (35%)
Packaging 13.26 GB / 37.36 GB (35%)
Packaging 13.44 GB / 37.36 GB (35%)
Packaging 13.61 GB / 37.36 GB (36%)
Packaging 13.78 GB / 37.36 GB (36%)
Packaging 13.94 GB / 37.36 GB (37%)
Packaging 14.12 GB / 37.36 GB (37%)
Packaging 14.30 GB / 37.36 GB (38%)
Packaging 14.48 GB / 37.36 GB (38%)
Packaging 14.67 GB / 37.36 GB (39%)
Packaging 14.85 GB / 37.36 GB (39%)
Packaging 15.02 GB / 37.36 GB (40%)
Packaging 15.20 GB / 37.36 GB (40%)
Packaging 15.38 GB / 37.36 GB (41%)
Packaging 15.55 GB / 37.36 GB (41%)
Packaging 15.73 GB / 37.36 GB (42%)
Packaging 15.91 GB / 37.36 GB (42%)
Packaging 16.08 GB / 37.36 GB (43%)
Packaging 16.27 GB / 37.36 GB (43%)
Packaging 16.45 GB / 37.36 GB (44%)
Packaging 16.64 GB / 37.36 GB (44%)
Packaging 16.82 GB / 37.36 GB (45%)
Packaging 17.00 GB / 37.36 GB (45%)
Packaging 17.18 GB / 37.36 GB (45%)
Packaging 17.37 GB / 37.36 GB (46%)
Packaging 17.55 GB / 37.36 GB (46%)
Packaging 17.74 GB / 37.36 GB (47%)
Packaging 17.92 GB / 37.36 GB (47%)
Packaging 18.11 GB / 37.36 GB (48%)
Packaging 18.29 GB / 37.36 GB (48%)
Packaging 18.48 GB / 37.36 GB (49%)
Packaging 18.66 GB / 37.36 GB (49%)
Packaging 18.85 GB / 37.36 GB (50%)
Packaging 19.04 GB / 37.36 GB (50%)
Packaging 19.22 GB / 37.36 GB (51%)
Packaging 19.40 GB / 37.36 GB (51%)
Packaging 19.58 GB / 37.36 GB (52%)
Packaging 19.76 GB / 37.36 GB (52%)
Packaging 19.94 GB / 37.36 GB (53%)
Packaging 20.13 GB / 37.36 GB (53%)
Packaging 20.31 GB / 37.36 GB (54%)
Packaging 20.49 GB / 37.36 GB (54%)
Packaging 20.68 GB / 37.36 GB (55%)
Packaging 20.86 GB / 37.36 GB (55%)
Packaging 21.05 GB / 37.36 GB (56%)
Packaging 21.24 GB / 37.36 GB (56%)
Packaging 21.42 GB / 37.36 GB (57%)
Packaging 21.61 GB / 37.36 GB (57%)
Packaging 21.79 GB / 37.36 GB (58%)
Packaging 21.97 GB / 37.36 GB (58%)
Packaging 22.15 GB / 37.36 GB (59%)
Packaging 22.33 GB / 37.36 GB (59%)
Packaging 22.52 GB / 37.36 GB (60%)
Packaging 22.70 GB / 37.36 GB (60%)
Packaging 22.89 GB / 37.36 GB (61%)
Packaging 23.06 GB / 37.36 GB (61%)
Packaging 23.23 GB / 37.36 GB (62%)
Packaging 23.42 GB / 37.36 GB (62%)
Packaging 23.60 GB / 37.36 GB (63%)
Packaging 23.79 GB / 37.36 GB (63%)
Packaging 23.98 GB / 37.36 GB (64%)
Packaging 24.17 GB / 37.36 GB (64%)
Packaging 24.35 GB / 37.36 GB (65%)
Packaging 24.54 GB / 37.36 GB (65%)
Packaging 24.71 GB / 37.36 GB (66%)
Packaging 24.90 GB / 37.36 GB (66%)
Packaging 25.08 GB / 37.36 GB (67%)
Packaging 25.27 GB / 37.36 GB (67%)
Packaging 25.45 GB / 37.36 GB (68%)
Packaging 25.64 GB / 37.36 GB (68%)
Packaging 25.83 GB / 37.36 GB (69%)
Packaging 26.01 GB / 37.36 GB (69%)
Packaging 26.19 GB / 37.36 GB (70%)
Packaging 26.36 GB / 37.36 GB (70%)
Packaging 26.55 GB / 37.36 GB (71%)
Packaging 26.73 GB / 37.36 GB (71%)
Packaging 26.92 GB / 37.36 GB (72%)
Packaging 27.10 GB / 37.36 GB (72%)
Packaging 27.28 GB / 37.36 GB (73%)
Packaging 27.46 GB / 37.36 GB (73%)
Packaging 27.64 GB / 37.36 GB (73%)
Packaging 27.81 GB / 37.36 GB (74%)
Packaging 27.98 GB / 37.36 GB (74%)
Packaging 28.17 GB / 37.36 GB (75%)
Packaging 28.35 GB / 37.36 GB (75%)
Packaging 28.54 GB / 37.36 GB (76%)
Packaging 28.72 GB / 37.36 GB (76%)
Packaging 28.91 GB / 37.36 GB (77%)
Packaging 29.08 GB / 37.36 GB (77%)
Packaging 29.25 GB / 37.36 GB (78%)
Packaging 29.42 GB / 37.36 GB (78%)
Packaging 29.59 GB / 37.36 GB (79%)
Packaging 29.78 GB / 37.36 GB (79%)
Packaging 29.96 GB / 37.36 GB (80%)
Packaging 30.15 GB / 37.36 GB (80%)
Packaging 30.33 GB / 37.36 GB (81%)
Packaging 30.51 GB / 37.36 GB (81%)
Packaging 30.68 GB / 37.36 GB (82%)
Packaging 30.86 GB / 37.36 GB (82%)
Packaging 31.05 GB / 37.36 GB (83%)
Packaging 31.23 GB / 37.36 GB (83%)
Packaging 31.42 GB / 37.36 GB (84%)
Packaging 31.60 GB / 37.36 GB (84%)
Packaging 31.78 GB / 37.36 GB (85%)
Packaging 31.96 GB / 37.36 GB (85%)
Packaging 32.14 GB / 37.36 GB (86%)
Packaging 32.31 GB / 37.36 GB (86%)
Packaging 32.48 GB / 37.36 GB (86%)
Packaging 32.65 GB / 37.36 GB (87%)
Packaging 32.82 GB / 37.36 GB (87%)
Packaging 32.99 GB / 37.36 GB (88%)
Packaging 33.16 GB / 37.36 GB (88%)
Packaging 33.32 GB / 37.36 GB (89%)
Packaging 33.48 GB / 37.36 GB (89%)
Packaging 33.65 GB / 37.36 GB (90%)
Packaging 33.83 GB / 37.36 GB (90%)
Packaging 34.01 GB / 37.36 GB (91%)
Packaging 34.19 GB / 37.36 GB (91%)
Packaging 34.36 GB / 37.36 GB (91%)
Packaging 34.54 GB / 37.36 GB (92%)
Packaging 34.72 GB / 37.36 GB (92%)
Packaging 34.90 GB / 37.36 GB (93%)
Packaging 35.08 GB / 37.36 GB (93%)
Packaging 35.26 GB / 37.36 GB (94%)
Packaging 35.45 GB / 37.36 GB (94%)
Packaging 35.63 GB / 37.36 GB (95%)
Packaging 35.81 GB / 37.36 GB (95%)
Packaging 35.99 GB / 37.36 GB (96%)
Packaging 36.17 GB / 37.36 GB (96%)
Packaging 36.35 GB / 37.36 GB (97%)
Packaging 36.53 GB / 37.36 GB (97%)
Packaging 36.71 GB / 37.36 GB (98%)
Packaging 36.89 GB / 37.36 GB (98%)
Packaging 37.07 GB / 37.36 GB (99%)
Packaging 37.25 GB / 37.36 GB (99%)
Recovered Astral package written: C:\Users\Paolo\Downloads\astral-1779624767826476300-30172-69d1de41bc070d4085abc950_bf90cca9ac4a1620-recovered.astral
Package size: 37.32 GB
